<?xml version="1.0" encoding="UTF-8"?>
<testsuite name="javashowcase.MyBinaryTreeTest" tests="1" skipped="0" failures="0" errors="0" timestamp="2021-01-22T12:49:09" hostname="DESKTOP-BLCU99U" time="0.004">
  <properties/>
  <testcase name="givenManyNumbersWhenAddedToBSTWhenSearchANumbersThenShouldReturnTrue" classname="javashowcase.MyBinaryTreeTest" time="0.004"/>
  <system-out><![CDATA[]]></system-out>
  <system-err><![CDATA[]]></system-err>
</testsuite>
